04/29/2023 12:54:25 AM: INFO: **************** Test_001_Login ****************
04/29/2023 12:54:25 AM: INFO: **************** Verifying Home Page Title ****************
04/29/2023 12:54:29 AM: INFO: **************** Home Page title test is passed ****************
04/29/2023 12:54:30 AM: INFO: **************** Verifying Login Test ****************
04/29/2023 12:54:37 AM: INFO: **************** Login Test is passed ****************
04/29/2023 06:02:11 PM: INFO: **************** Verifying Login Test ****************
04/29/2023 06:02:11 PM: INFO: **************** Verifying Home Page Title ****************
04/29/2023 06:02:14 PM: INFO: **************** Home Page title test is passed ****************
04/29/2023 06:02:21 PM: INFO: **************** Login Test is passed ****************
04/29/2023 06:11:27 PM: DEBUG: Started executable: `.\chromedriver.EXE` in a child process with pid: 10812
04/29/2023 06:11:27 PM: DEBUG: Started executable: `.\chromedriver.EXE` in a child process with pid: 7472
04/29/2023 06:11:28 PM: DEBUG: POST http://localhost:61081/session {"capabilities": {"firstMatch": [{}], "alwaysMatch": {"browserName": "chrome", "pageLoadStrategy": "normal", "goog:chromeOptions": {"excludeSwitches": ["enable-logging"], "extensions": [], "args": []}}}}
04/29/2023 06:11:28 PM: DEBUG: POST http://localhost:61080/session {"capabilities": {"firstMatch": [{}], "alwaysMatch": {"browserName": "chrome", "pageLoadStrategy": "normal", "goog:chromeOptions": {"excludeSwitches": ["enable-logging"], "extensions": [], "args": []}}}}
04/29/2023 06:11:28 PM: DEBUG: Starting new HTTP connection (1): localhost:61080
04/29/2023 06:11:40 PM: DEBUG: http://localhost:61080 "POST /session HTTP/1.1" 200 862
04/29/2023 06:11:40 PM: DEBUG: Remote response: status=200 | data={"value":{"capabilities":{"acceptInsecureCerts":false,"browserName":"chrome","browserVersion":"112.0.5615.138","chrome":{"chromedriverVersion":"112.0.5615.49 (bd2a7bcb881c11e8cfe3078709382934e3916914-refs/branch-heads/5615@{#936})","userDataDir":"C:\\Users\\mathias\\AppData\\Local\\Temp\\scoped_dir10812_2056868376"},"goog:chromeOptions":{"debuggerAddress":"localhost:61093"},"networkConnectionEnabled":false,"pageLoadStrategy":"normal","platformName":"windows","proxy":{},"setWindowRect":true,"strictFileInteractability":false,"timeouts":{"implicit":0,"pageLoad":300000,"script":30000},"unhandledPromptBehavior":"dismiss and notify","webauthn:extension:credBlob":true,"webauthn:extension:largeBlob":true,"webauthn:extension:minPinLength":true,"webauthn:extension:prf":true,"webauthn:virtualAuthenticators":true},"sessionId":"fc9d8267c6b0ceafe0a3076a298b211c"}} | headers=HTTPHeaderDict({'Content-Length': '862', 'Content-Type': 'application/json; charset=utf-8', 'cache-control': 'no-cache'})
04/29/2023 06:11:40 PM: DEBUG: Finished Request
04/29/2023 06:11:40 PM: INFO: **************** Test_001_Login ****************
04/29/2023 06:11:40 PM: INFO: **************** Verifying Home Page Title ****************
04/29/2023 06:11:40 PM: DEBUG: POST http://localhost:61080/session/fc9d8267c6b0ceafe0a3076a298b211c/url {"url": "https://admin-demo.nopcommerce.com/"}
04/29/2023 06:11:41 PM: DEBUG: http://localhost:61081 "POST /session HTTP/1.1" 200 860
04/29/2023 06:11:41 PM: DEBUG: Remote response: status=200 | data={"value":{"capabilities":{"acceptInsecureCerts":false,"browserName":"chrome","browserVersion":"112.0.5615.138","chrome":{"chromedriverVersion":"112.0.5615.49 (bd2a7bcb881c11e8cfe3078709382934e3916914-refs/branch-heads/5615@{#936})","userDataDir":"C:\\Users\\mathias\\AppData\\Local\\Temp\\scoped_dir7472_346474379"},"goog:chromeOptions":{"debuggerAddress":"localhost:61100"},"networkConnectionEnabled":false,"pageLoadStrategy":"normal","platformName":"windows","proxy":{},"setWindowRect":true,"strictFileInteractability":false,"timeouts":{"implicit":0,"pageLoad":300000,"script":30000},"unhandledPromptBehavior":"dismiss and notify","webauthn:extension:credBlob":true,"webauthn:extension:largeBlob":true,"webauthn:extension:minPinLength":true,"webauthn:extension:prf":true,"webauthn:virtualAuthenticators":true},"sessionId":"159907b5a4b58ad7dbb267363b64dbc5"}} | headers=HTTPHeaderDict({'Content-Length': '860', 'Content-Type': 'application/json; charset=utf-8', 'cache-control': 'no-cache'})
04/29/2023 06:11:41 PM: DEBUG: Finished Request
04/29/2023 06:11:41 PM: INFO: **************** Verifying Login Test ****************
04/29/2023 06:11:41 PM: DEBUG: POST http://localhost:61081/session/159907b5a4b58ad7dbb267363b64dbc5/url {"url": "https://admin-demo.nopcommerce.com/"}
04/29/2023 06:11:44 PM: DEBUG: http://localhost:61080 "POST /session/fc9d8267c6b0ceafe0a3076a298b211c/url HTTP/1.1" 200 14
04/29/2023 06:11:44 PM: DEBUG: Remote response: status=200 | data={"value":null} | headers=HTTPHeaderDict({'Content-Length': '14', 'Content-Type': 'application/json; charset=utf-8', 'cache-control': 'no-cache'})
04/29/2023 06:11:44 PM: DEBUG: Finished Request
04/29/2023 06:11:44 PM: DEBUG: GET http://localhost:61080/session/fc9d8267c6b0ceafe0a3076a298b211c/title {}
04/29/2023 06:11:44 PM: DEBUG: http://localhost:61080 "GET /session/fc9d8267c6b0ceafe0a3076a298b211c/title HTTP/1.1" 200 29
04/29/2023 06:11:44 PM: DEBUG: Remote response: status=200 | data={"value":"Your store. Login"} | headers=HTTPHeaderDict({'Content-Length': '29', 'Content-Type': 'application/json; charset=utf-8', 'cache-control': 'no-cache'})
04/29/2023 06:11:44 PM: DEBUG: Finished Request
04/29/2023 06:11:44 PM: INFO: **************** Home Page title test is passed ****************
04/29/2023 06:11:44 PM: DEBUG: DELETE http://localhost:61080/session/fc9d8267c6b0ceafe0a3076a298b211c/window {}
04/29/2023 06:11:45 PM: DEBUG: http://localhost:61081 "POST /session/159907b5a4b58ad7dbb267363b64dbc5/url HTTP/1.1" 200 14
04/29/2023 06:11:45 PM: DEBUG: Remote response: status=200 | data={"value":null} | headers=HTTPHeaderDict({'Content-Length': '14', 'Content-Type': 'application/json; charset=utf-8', 'cache-control': 'no-cache'})
04/29/2023 06:11:45 PM: DEBUG: Finished Request
04/29/2023 06:11:45 PM: DEBUG: POST http://localhost:61081/session/159907b5a4b58ad7dbb267363b64dbc5/element {"using": "css selector", "value": "[id=\"Email\"]"}
04/29/2023 06:11:46 PM: DEBUG: http://localhost:61081 "POST /session/159907b5a4b58ad7dbb267363b64dbc5/element HTTP/1.1" 200 88
04/29/2023 06:11:46 PM: DEBUG: Remote response: status=200 | data={"value":{"element-6066-11e4-a52e-4f735466cecf":"4faef94a-1410-4b46-87d0-9bbd06533fef"}} | headers=HTTPHeaderDict({'Content-Length': '88', 'Content-Type': 'application/json; charset=utf-8', 'cache-control': 'no-cache'})
04/29/2023 06:11:46 PM: DEBUG: Finished Request
04/29/2023 06:11:46 PM: DEBUG: POST http://localhost:61081/session/159907b5a4b58ad7dbb267363b64dbc5/element/4faef94a-1410-4b46-87d0-9bbd06533fef/clear {"id": "4faef94a-1410-4b46-87d0-9bbd06533fef"}
04/29/2023 06:11:46 PM: DEBUG: http://localhost:61081 "POST /session/159907b5a4b58ad7dbb267363b64dbc5/element/4faef94a-1410-4b46-87d0-9bbd06533fef/clear HTTP/1.1" 200 14
04/29/2023 06:11:46 PM: DEBUG: Remote response: status=200 | data={"value":null} | headers=HTTPHeaderDict({'Content-Length': '14', 'Content-Type': 'application/json; charset=utf-8', 'cache-control': 'no-cache'})
04/29/2023 06:11:46 PM: DEBUG: Finished Request
04/29/2023 06:11:46 PM: DEBUG: POST http://localhost:61081/session/159907b5a4b58ad7dbb267363b64dbc5/element {"using": "css selector", "value": "[id=\"Email\"]"}
04/29/2023 06:11:46 PM: DEBUG: http://localhost:61081 "POST /session/159907b5a4b58ad7dbb267363b64dbc5/element HTTP/1.1" 200 88
04/29/2023 06:11:46 PM: DEBUG: Remote response: status=200 | data={"value":{"element-6066-11e4-a52e-4f735466cecf":"4faef94a-1410-4b46-87d0-9bbd06533fef"}} | headers=HTTPHeaderDict({'Content-Length': '88', 'Content-Type': 'application/json; charset=utf-8', 'cache-control': 'no-cache'})
04/29/2023 06:11:46 PM: DEBUG: Finished Request
04/29/2023 06:11:46 PM: DEBUG: POST http://localhost:61081/session/159907b5a4b58ad7dbb267363b64dbc5/element/4faef94a-1410-4b46-87d0-9bbd06533fef/value {"text": "admin@yourstore.com", "value": ["a", "d", "m", "i", "n", "@", "y", "o", "u", "r", "s", "t", "o", "r", "e", ".", "c", "o", "m"], "id": "4faef94a-1410-4b46-87d0-9bbd06533fef"}
04/29/2023 06:11:47 PM: DEBUG: http://localhost:61081 "POST /session/159907b5a4b58ad7dbb267363b64dbc5/element/4faef94a-1410-4b46-87d0-9bbd06533fef/value HTTP/1.1" 200 14
04/29/2023 06:11:47 PM: DEBUG: Remote response: status=200 | data={"value":null} | headers=HTTPHeaderDict({'Content-Length': '14', 'Content-Type': 'application/json; charset=utf-8', 'cache-control': 'no-cache'})
04/29/2023 06:11:47 PM: DEBUG: Finished Request
04/29/2023 06:11:47 PM: DEBUG: POST http://localhost:61081/session/159907b5a4b58ad7dbb267363b64dbc5/element {"using": "css selector", "value": "[id=\"Password\"]"}
04/29/2023 06:11:47 PM: DEBUG: http://localhost:61081 "POST /session/159907b5a4b58ad7dbb267363b64dbc5/element HTTP/1.1" 200 88
04/29/2023 06:11:47 PM: DEBUG: Remote response: status=200 | data={"value":{"element-6066-11e4-a52e-4f735466cecf":"8c3e0c4f-4956-4a23-9770-6db2ef4e9d34"}} | headers=HTTPHeaderDict({'Content-Length': '88', 'Content-Type': 'application/json; charset=utf-8', 'cache-control': 'no-cache'})
04/29/2023 06:11:47 PM: DEBUG: Finished Request
04/29/2023 06:11:47 PM: DEBUG: POST http://localhost:61081/session/159907b5a4b58ad7dbb267363b64dbc5/element/8c3e0c4f-4956-4a23-9770-6db2ef4e9d34/clear {"id": "8c3e0c4f-4956-4a23-9770-6db2ef4e9d34"}
04/29/2023 06:11:47 PM: DEBUG: http://localhost:61081 "POST /session/159907b5a4b58ad7dbb267363b64dbc5/element/8c3e0c4f-4956-4a23-9770-6db2ef4e9d34/clear HTTP/1.1" 200 14
04/29/2023 06:11:47 PM: DEBUG: Remote response: status=200 | data={"value":null} | headers=HTTPHeaderDict({'Content-Length': '14', 'Content-Type': 'application/json; charset=utf-8', 'cache-control': 'no-cache'})
04/29/2023 06:11:47 PM: DEBUG: Finished Request
04/29/2023 06:11:47 PM: DEBUG: POST http://localhost:61081/session/159907b5a4b58ad7dbb267363b64dbc5/element {"using": "css selector", "value": "[id=\"Password\"]"}
04/29/2023 06:11:47 PM: DEBUG: http://localhost:61081 "POST /session/159907b5a4b58ad7dbb267363b64dbc5/element HTTP/1.1" 200 88
04/29/2023 06:11:47 PM: DEBUG: Remote response: status=200 | data={"value":{"element-6066-11e4-a52e-4f735466cecf":"8c3e0c4f-4956-4a23-9770-6db2ef4e9d34"}} | headers=HTTPHeaderDict({'Content-Length': '88', 'Content-Type': 'application/json; charset=utf-8', 'cache-control': 'no-cache'})
04/29/2023 06:11:47 PM: DEBUG: Finished Request
04/29/2023 06:11:47 PM: DEBUG: POST http://localhost:61081/session/159907b5a4b58ad7dbb267363b64dbc5/element/8c3e0c4f-4956-4a23-9770-6db2ef4e9d34/value {"text": "admin", "value": ["a", "d", "m", "i", "n"], "id": "8c3e0c4f-4956-4a23-9770-6db2ef4e9d34"}
04/29/2023 06:11:47 PM: DEBUG: http://localhost:61081 "POST /session/159907b5a4b58ad7dbb267363b64dbc5/element/8c3e0c4f-4956-4a23-9770-6db2ef4e9d34/value HTTP/1.1" 200 14
04/29/2023 06:11:47 PM: DEBUG: Remote response: status=200 | data={"value":null} | headers=HTTPHeaderDict({'Content-Length': '14', 'Content-Type': 'application/json; charset=utf-8', 'cache-control': 'no-cache'})
04/29/2023 06:11:47 PM: DEBUG: Finished Request
04/29/2023 06:11:47 PM: DEBUG: POST http://localhost:61081/session/159907b5a4b58ad7dbb267363b64dbc5/element {"using": "xpath", "value": "//button[contains(text(),'Log in')]"}
04/29/2023 06:11:47 PM: DEBUG: http://localhost:61080 "DELETE /session/fc9d8267c6b0ceafe0a3076a298b211c/window HTTP/1.1" 200 12
04/29/2023 06:11:47 PM: DEBUG: Remote response: status=200 | data={"value":[]} | headers=HTTPHeaderDict({'Content-Length': '12', 'Content-Type': 'application/json; charset=utf-8', 'cache-control': 'no-cache'})
04/29/2023 06:11:47 PM: DEBUG: Finished Request
04/29/2023 06:11:47 PM: DEBUG: http://localhost:61081 "POST /session/159907b5a4b58ad7dbb267363b64dbc5/element HTTP/1.1" 200 88
04/29/2023 06:11:47 PM: DEBUG: Remote response: status=200 | data={"value":{"element-6066-11e4-a52e-4f735466cecf":"339895ff-68ca-4201-82bd-9ea4d3dbf76d"}} | headers=HTTPHeaderDict({'Content-Length': '88', 'Content-Type': 'application/json; charset=utf-8', 'cache-control': 'no-cache'})
04/29/2023 06:11:47 PM: DEBUG: Finished Request
04/29/2023 06:11:47 PM: DEBUG: POST http://localhost:61081/session/159907b5a4b58ad7dbb267363b64dbc5/element/339895ff-68ca-4201-82bd-9ea4d3dbf76d/click {"id": "339895ff-68ca-4201-82bd-9ea4d3dbf76d"}
04/29/2023 06:11:50 PM: DEBUG: http://localhost:61081 "POST /session/159907b5a4b58ad7dbb267363b64dbc5/element/339895ff-68ca-4201-82bd-9ea4d3dbf76d/click HTTP/1.1" 200 14
04/29/2023 06:11:50 PM: DEBUG: Remote response: status=200 | data={"value":null} | headers=HTTPHeaderDict({'Content-Length': '14', 'Content-Type': 'application/json; charset=utf-8', 'cache-control': 'no-cache'})
04/29/2023 06:11:50 PM: DEBUG: Finished Request
04/29/2023 06:11:50 PM: DEBUG: GET http://localhost:61081/session/159907b5a4b58ad7dbb267363b64dbc5/title {}
04/29/2023 06:11:50 PM: DEBUG: http://localhost:61081 "GET /session/159907b5a4b58ad7dbb267363b64dbc5/title HTTP/1.1" 200 50
04/29/2023 06:11:50 PM: DEBUG: Remote response: status=200 | data={"value":"Dashboard / nopCommerce administration"} | headers=HTTPHeaderDict({'Content-Length': '50', 'Content-Type': 'application/json; charset=utf-8', 'cache-control': 'no-cache'})
04/29/2023 06:11:50 PM: DEBUG: Finished Request
04/29/2023 06:11:50 PM: INFO: **************** Login Test is passed ****************
04/29/2023 06:11:50 PM: DEBUG: DELETE http://localhost:61081/session/159907b5a4b58ad7dbb267363b64dbc5/window {}
04/29/2023 06:11:50 PM: DEBUG: http://localhost:61081 "DELETE /session/159907b5a4b58ad7dbb267363b64dbc5/window HTTP/1.1" 200 12
04/29/2023 06:11:50 PM: DEBUG: Remote response: status=200 | data={"value":[]} | headers=HTTPHeaderDict({'Content-Length': '12', 'Content-Type': 'application/json; charset=utf-8', 'cache-control': 'no-cache'})
04/29/2023 06:11:50 PM: DEBUG: Finished Request
04/29/2023 06:15:13 PM: INFO: **************** Verifying Login Test ****************
04/29/2023 06:15:14 PM: INFO: **************** Test_001_Login ****************
04/29/2023 06:15:14 PM: INFO: **************** Verifying Home Page Title ****************
04/29/2023 06:15:16 PM: INFO: **************** Home Page title test is passed ****************
04/29/2023 06:15:23 PM: INFO: **************** Login Test is passed ****************
04/29/2023 06:16:26 PM: INFO: **************** Test_001_Login ****************
04/29/2023 06:16:26 PM: INFO: **************** Verifying Home Page Title ****************
04/29/2023 06:16:30 PM: INFO: **************** Home Page title test is passed ****************
04/29/2023 06:16:32 PM: INFO: **************** Verifying Login Test ****************
04/29/2023 06:16:37 PM: INFO: **************** Login Test is passed ****************
04/29/2023 06:18:17 PM: INFO: **************** Test_001_Login ****************
04/29/2023 06:18:17 PM: INFO: **************** Verifying Home Page Title ****************
04/29/2023 06:18:18 PM: INFO: **************** Verifying Login Test ****************
04/29/2023 06:18:25 PM: INFO: **************** Home Page title test is passed ****************
04/29/2023 06:18:33 PM: INFO: **************** Login Test is passed ****************
04/29/2023 06:23:03 PM: INFO: **************** Test_001_Login ****************
04/29/2023 06:23:03 PM: INFO: **************** Verifying Home Page Title ****************
04/29/2023 06:23:04 PM: INFO: **************** Verifying Login Test ****************
04/29/2023 06:23:10 PM: INFO: **************** Home Page title test is passed ****************
04/29/2023 06:23:14 PM: INFO: **************** Login Test is passed ****************
04/29/2023 06:27:08 PM: INFO: **************** Verifying Login Test ****************
04/29/2023 06:27:08 PM: INFO: **************** Test_001_Login ****************
04/29/2023 06:27:08 PM: INFO: **************** Verifying Home Page Title ****************
04/29/2023 06:27:16 PM: INFO: **************** Home Page title test is passed ****************
04/29/2023 06:27:20 PM: INFO: **************** Login Test is passed ****************
04/29/2023 06:28:54 PM: INFO: **************** Test_001_Login ****************
04/29/2023 06:28:54 PM: INFO: **************** Verifying Home Page Title ****************
04/29/2023 06:28:54 PM: INFO: **************** Verifying Login Test ****************
04/29/2023 06:29:00 PM: INFO: **************** Home Page title test is passed ****************
04/29/2023 06:29:05 PM: INFO: **************** Login Test is passed ****************
04/29/2023 06:36:05 PM: INFO: **************** Test_001_Login ****************
04/29/2023 06:36:05 PM: INFO: **************** Verifying Home Page Title ****************
04/29/2023 06:36:07 PM: INFO: **************** Verifying Login Test ****************
04/29/2023 06:36:16 PM: INFO: **************** Home Page title test is passed ****************
04/29/2023 06:36:24 PM: INFO: **************** Login Test is passed ****************
04/29/2023 06:37:04 PM: INFO: **************** Test_001_Login ****************
04/29/2023 06:37:04 PM: INFO: **************** Verifying Home Page Title ****************
04/29/2023 06:37:05 PM: INFO: **************** Verifying Login Test ****************
04/29/2023 06:37:09 PM: INFO: **************** Home Page title test is passed ****************
04/29/2023 06:37:11 PM: INFO: **************** Login Test is passed ****************
04/29/2023 06:38:01 PM: INFO: **************** Test_001_Login ****************
04/29/2023 06:38:01 PM: INFO: **************** Verifying Home Page Title ****************
04/29/2023 06:38:05 PM: INFO: **************** Home Page title test is passed ****************
04/29/2023 06:38:06 PM: INFO: **************** Verifying Login Test ****************
04/29/2023 06:38:10 PM: INFO: **************** Login Test is passed ****************
04/29/2023 06:41:16 PM: INFO: **************** Test_001_Login ****************
04/29/2023 06:41:16 PM: INFO: **************** Verifying Home Page Title ****************
04/29/2023 06:41:21 PM: INFO: **************** Home Page title test is passed ****************
04/29/2023 06:41:23 PM: INFO: **************** Verifying Login Test ****************
04/29/2023 06:41:31 PM: INFO: **************** Login Test is passed ****************
04/29/2023 09:23:40 PM: INFO: ******* Starting Test_002_DDT_Login Test **********
04/29/2023 09:23:40 PM: INFO: ******* Starting Login DDT Test **********
04/29/2023 09:24:15 PM: INFO: ******* Starting Test_002_DDT_Login Test **********
04/29/2023 09:24:15 PM: INFO: ******* Starting Login DDT Test **********
04/29/2023 09:24:33 PM: INFO: **** passed ****
04/29/2023 09:24:40 PM: INFO: **** passed ****
04/29/2023 09:24:46 PM: INFO: **** passed ****
04/29/2023 09:24:53 PM: INFO: **** passed ****
04/29/2023 09:24:53 PM: INFO: ******* DDT Login test passed **********
04/29/2023 09:24:56 PM: INFO: ******* End of Login DDT Test **********
04/29/2023 09:24:56 PM: INFO: **************** Completed  TC_LoginDDT_002 ************* 
